<?xml version="1.0" encoding="UTF-8"?>
<!-- Generated by org.testng.reporters.JUnitXMLReporter -->
<testsuite ignored="1" hostname="Akshit-PC" failures="0" tests="1" name="Default test" time="226.794" errors="0" timestamp="2025-08-29T16:58:59 IST">
  <testcase classname="CompeteHealth.TestComponents.Creation" name="challengejoin" time="195.898"/>
  <testcase classname="CompeteHealth.TestComponents.Creation" name="ChallengeCreation" time="0.0">
    <ignored/>
  </testcase> <!-- ChallengeCreation -->
</testsuite> <!-- Default test -->
