<?xml version="1.0" encoding="UTF-8"?>
<testng-results ignored="0" total="1" passed="1" failed="0" skipped="0">
  <reporter-output>
  </reporter-output>
  <suite started-at="2025-07-31T13:05:02 IST" name="Suite" finished-at="2025-07-31T13:08:07 IST" duration-ms="184578">
    <groups>
      <group name="regression">
        <method signature="creation.ChallengeCreation(java.util.List)[pri:0, instance:CompeteHealth.TestComponents.creation@dd8ba08]" name="ChallengeCreation" class="CompeteHealth.TestComponents.creation"/>
      </group> <!-- regression -->
    </groups>
    <test started-at="2025-07-31T13:05:02 IST" name="Data-driven testing in code itself" finished-at="2025-07-31T13:08:07 IST" duration-ms="184578">
      <class name="CompeteHealth.TestComponents.creation">
        <test-method is-config="true" signature="configureAppium()[pri:0, instance:CompeteHealth.TestComponents.creation@dd8ba08]" started-at="2025-07-31T13:05:02 IST" name="configureAppium" finished-at="2025-07-31T13:05:09 IST" duration-ms="7095" status="PASS">
          <reporter-output>
          </reporter-output>
        </test-method> <!-- configureAppium -->
        <test-method signature="ChallengeCreation(java.util.List)[pri:0, instance:CompeteHealth.TestComponents.creation@dd8ba08]" started-at="2025-07-31T13:05:10 IST" name="ChallengeCreation" data-provider="challengeData" finished-at="2025-07-31T13:08:06 IST" duration-ms="176461" status="PASS">
          <params>
            <param index="0">
              <value>
                <![CDATA[[{entryFee=20, numOfGroups=null, endDate=31-07-2025, typeName=Step, percentages=[60, 40], description=Creating a json challenge-11, numWinners=2, password=Hello@123, privatePass=null, name=Json-38 Challenge Automation, tieredStructure=null, subType=null, startTime=16:00, endTime=22:00, email=akshittested@yopmail.com, startDate=31-07-2025}, {entryFee=20, numOfGroups=2, endDate=31-07-2025, typeName=Calories Burned, percentages=null, description=Creating a json challenge-12, numWinners=null, privatePass=null, name=Json-36 Challenge Automation, tieredStructure=6-Month Average, subType=Walk/Run, startTime=17:00, endTime=23:00, startDate=31-07-2025}]]]>
              </value>
            </param>
          </params>
          <reporter-output>
          </reporter-output>
        </test-method> <!-- ChallengeCreation -->
        <test-method is-config="true" signature="tearDown()[pri:0, instance:CompeteHealth.TestComponents.creation@dd8ba08]" started-at="2025-07-31T13:08:06 IST" name="tearDown" finished-at="2025-07-31T13:08:07 IST" duration-ms="767" status="PASS">
          <reporter-output>
          </reporter-output>
        </test-method> <!-- tearDown -->
      </class> <!-- CompeteHealth.TestComponents.creation -->
    </test> <!-- Data-driven testing in code itself -->
  </suite> <!-- Suite -->
</testng-results>
