<?xml version="1.0" encoding="UTF-8"?>
<testng-results ignored="0" total="1" passed="1" failed="0" skipped="0">
  <reporter-output>
  </reporter-output>
  <suite started-at="2025-07-21T13:28:45 IST" name="Default suite" finished-at="2025-07-21T13:30:31 IST" duration-ms="106668">
    <groups>
    </groups>
    <test started-at="2025-07-21T13:28:45 IST" name="Default test" finished-at="2025-07-21T13:30:31 IST" duration-ms="106668">
      <class name="CompeteHealth.TestComponents.creation">
        <test-method is-config="true" signature="configureAppium()[pri:0, instance:CompeteHealth.TestComponents.creation@22ff4249]" started-at="2025-07-21T13:28:45 IST" name="configureAppium" finished-at="2025-07-21T13:28:52 IST" duration-ms="7043" status="PASS">
          <reporter-output>
          </reporter-output>
        </test-method> <!-- configureAppium -->
        <test-method signature="challengecreation()[pri:0, instance:CompeteHealth.TestComponents.creation@22ff4249]" started-at="2025-07-21T13:28:52 IST" name="challengecreation" finished-at="2025-07-21T13:30:31 IST" duration-ms="98846" status="PASS">
          <reporter-output>
          </reporter-output>
        </test-method> <!-- challengecreation -->
        <test-method is-config="true" signature="tearDown()[pri:0, instance:CompeteHealth.TestComponents.creation@22ff4249]" started-at="2025-07-21T13:30:31 IST" name="tearDown" finished-at="2025-07-21T13:30:31 IST" duration-ms="735" status="PASS">
          <reporter-output>
          </reporter-output>
        </test-method> <!-- tearDown -->
      </class> <!-- CompeteHealth.TestComponents.creation -->
    </test> <!-- Default test -->
  </suite> <!-- Default suite -->
</testng-results>
