<?xml version="1.0" encoding="UTF-8"?>
<testng-results ignored="0" total="1" passed="1" failed="0" skipped="0">
  <reporter-output>
  </reporter-output>
  <suite started-at="2025-09-02T17:19:08 IST" name="Default suite" finished-at="2025-09-02T17:20:25 IST" duration-ms="76886">
    <groups>
    </groups>
    <test started-at="2025-09-02T17:19:08 IST" name="Default test" finished-at="2025-09-02T17:20:25 IST" duration-ms="76886">
      <class name="CompeteHealth.TestComponents.SignupandLogin">
        <test-method is-config="true" signature="configureAppium()[pri:0, instance:CompeteHealth.TestComponents.SignupandLogin@7bedc48a]" started-at="2025-09-02T17:19:08 IST" name="configureAppium" finished-at="2025-09-02T17:19:43 IST" duration-ms="34944" status="PASS">
          <reporter-output>
          </reporter-output>
        </test-method> <!-- configureAppium -->
        <test-method signature="loginverification()[pri:0, instance:CompeteHealth.TestComponents.SignupandLogin@7bedc48a]" started-at="2025-09-02T17:19:43 IST" name="loginverification" finished-at="2025-09-02T17:20:22 IST" duration-ms="38565" status="PASS">
          <reporter-output>
          </reporter-output>
        </test-method> <!-- loginverification -->
        <test-method is-config="true" signature="tearDown()[pri:0, instance:CompeteHealth.TestComponents.SignupandLogin@7bedc48a]" started-at="2025-09-02T17:20:22 IST" name="tearDown" finished-at="2025-09-02T17:20:25 IST" duration-ms="3329" status="PASS">
          <reporter-output>
          </reporter-output>
        </test-method> <!-- tearDown -->
      </class> <!-- CompeteHealth.TestComponents.SignupandLogin -->
    </test> <!-- Default test -->
  </suite> <!-- Default suite -->
</testng-results>
